[debug] [2025-04-03T14:37:04.584Z] ----------------------------------------------------------------------
[debug] [2025-04-03T14:37:04.591Z] Command:       C:\Program Files\nodejs\node.exe C:\Users\lucas\AppData\Roaming\npm\node_modules\firebase-tools\lib\bin\firebase.js init
[debug] [2025-04-03T14:37:04.592Z] CLI Version:   14.1.0
[debug] [2025-04-03T14:37:04.593Z] Platform:      win32
[debug] [2025-04-03T14:37:04.594Z] Node Version:  v20.17.0
[debug] [2025-04-03T14:37:04.594Z] Time:          Thu Apr 03 2025 11:37:04 GMT-0300 (hora estándar de Argentina)
[debug] [2025-04-03T14:37:04.594Z] ----------------------------------------------------------------------
[debug] 
[debug] [2025-04-03T14:37:04.609Z] > command requires scopes: ["email","openid","https://www.googleapis.com/auth/cloudplatformprojects.readonly","https://www.googleapis.com/auth/firebase","https://www.googleapis.com/auth/cloud-platform"]
[debug] [2025-04-03T14:37:04.610Z] > authorizing via signed-in user (parolinilucas25@gmail.com)
[info] 
     ######## #### ########  ######## ########     ###     ######  ########
     ##        ##  ##     ## ##       ##     ##  ##   ##  ##       ##
     ######    ##  ########  ######   ########  #########  ######  ######
     ##        ##  ##    ##  ##       ##     ## ##     ##       ## ##
     ##       #### ##     ## ######## ########  ##     ##  ######  ########

You're about to initialize a Firebase project in this directory:

  C:\Cursor\landingLabora

Before we get started, keep in mind:

  * You are currently outside your home directory

